TN:
SF:/Users/walter/Documents/Alyra/Vote/contracts/voting.sol
FN:41,onlyVoters
FN:50,getVoter
FN:54,getOneProposal
FN:61,addVoter
FN:72,addProposal
FN:85,setVote
FN:100,startProposalsRegistering
FN:106,endProposalsRegistering
FN:112,startVotingSession
FN:118,endVotingSession
FN:125,tallyVotes
FNF:11
FNH:10
FNDA:24,onlyVoters
FNDA:3,getVoter
FNDA:0,getOneProposal
FNDA:25,addVoter
FNDA:12,addProposal
FNDA:7,setVote
FNDA:17,startProposalsRegistering
FNDA:7,endProposalsRegistering
FNDA:8,startVotingSession
FNDA:4,endVotingSession
FNDA:6,tallyVotes
DA:42,24
DA:43,22
DA:51,3
DA:55,0
DA:62,25
DA:63,23
DA:65,23
DA:66,23
DA:73,12
DA:74,10
DA:77,8
DA:78,8
DA:79,8
DA:80,8
DA:86,7
DA:87,7
DA:88,5
DA:90,5
DA:91,5
DA:92,5
DA:94,5
DA:101,17
DA:102,15
DA:103,15
DA:107,7
DA:108,7
DA:109,7
DA:113,8
DA:114,6
DA:115,6
DA:119,4
DA:120,2
DA:121,2
DA:126,6
DA:127,2
DA:128,2
DA:129,2
DA:130,0
DA:133,2
DA:135,2
DA:136,2
LF:41
LH:39
BRDA:42,1,0,22
BRDA:42,1,1,2
BRDA:62,2,0,23
BRDA:62,2,1,2
BRDA:63,3,0,23
BRDA:63,3,1,0
BRDA:73,4,0,10
BRDA:73,4,1,2
BRDA:74,5,0,8
BRDA:74,5,1,2
BRDA:86,6,0,7
BRDA:86,6,1,0
BRDA:87,7,0,5
BRDA:87,7,1,2
BRDA:88,8,0,5
BRDA:88,8,1,0
BRDA:101,9,0,15
BRDA:101,9,1,2
BRDA:107,10,0,7
BRDA:107,10,1,0
BRDA:113,11,0,6
BRDA:113,11,1,2
BRDA:119,12,0,2
BRDA:119,12,1,2
BRDA:126,13,0,2
BRDA:126,13,1,4
BRDA:129,14,0,0
BRDA:129,14,1,2
BRF:28
BRH:23
end_of_record
